Using pre-set license
Built from '2020.3/staging' branch; Version is '2020.3.5f1 (8095aa901b9b) revision 8426922'; Using compiler version '192528614'; Build Type 'Release'
OS: 'Windows 10 Pro; OS build 19045.2251; Version 2009; 64bit' Language: 'ko' Physical Memory: 8134 MB
BatchMode: 1, IsHumanControllingUs: 0, StartBugReporterOnCrash: 0, Is64bit: 1, IsPro: 0

 COMMAND LINE ARGUMENTS:
C:\Program Files\Unity\Hub\Editor\2020.3.5f1\Editor\Unity.exe
-adb2
-batchMode
-noUpm
-name
AssetImportWorker0
-projectPath
D:/GitHub/My_Projects/Push&Pull
-logFile
Logs/AssetImportWorker0.log
-srvPort
1818
Successfully changed project path to: D:/GitHub/My_Projects/Push&Pull
D:/GitHub/My_Projects/Push&Pull
Using Asset Import Pipeline V2.
Refreshing native plugins compatible for Editor in 33.02 ms, found 1 plugins.
Preloading 0 native plugins for Editor in 0.00 ms.
Initialize engine version: 2020.3.5f1 (8095aa901b9b)
[Subsystems] Discovering subsystems at path C:/Program Files/Unity/Hub/Editor/2020.3.5f1/Editor/Data/Resources/UnitySubsystems
[Subsystems] Discovering subsystems at path D:/GitHub/My_Projects/Push&Pull/Assets
GfxDevice: creating device client; threaded=0
Direct3D:
    Version:  Direct3D 11.0 [level 11.1]
    Renderer: Radeon RX 580 Series (ID=0x67df)
    Vendor:   
    VRAM:     8171 MB
    Driver:   27.20.1034.6
Initialize mono
Mono path[0] = 'C:/Program Files/Unity/Hub/Editor/2020.3.5f1/Editor/Data/Managed'
Mono path[1] = 'C:/Program Files/Unity/Hub/Editor/2020.3.5f1/Editor/Data/MonoBleedingEdge/lib/mono/unityjit'
Mono config path = 'C:/Program Files/Unity/Hub/Editor/2020.3.5f1/Editor/Data/MonoBleedingEdge/etc'
Using monoOptions --debugger-agent=transport=dt_socket,embedding=1,server=y,suspend=n,address=127.0.0.1:56228
Begin MonoManager ReloadAssembly
Registering precompiled unity dll's ...
Register platform support module: C:/Program Files/Unity/Hub/Editor/2020.3.5f1/Editor/Data/PlaybackEngines/WebGLSupport/UnityEditor.WebGL.Extensions.dll
Register platform support module: C:/Program Files/Unity/Hub/Editor/2020.3.5f1/Editor/Data/PlaybackEngines/WindowsStandaloneSupport/UnityEditor.WindowsStandalone.Extensions.dll
Registered in 0.007897 seconds.
Native extension for WindowsStandalone target not found
Native extension for WebGL target not found
Refreshing native plugins compatible for Editor in 35.19 ms, found 1 plugins.
Preloading 0 native plugins for Editor in 0.00 ms.
Mono: successfully reloaded assembly
- Completed reload, in  2.344 seconds
Platform modules already initialized, skipping
Registering precompiled user dll's ...
Registered in 0.001148 seconds.
Begin MonoManager ReloadAssembly
Native extension for WindowsStandalone target not found
Native extension for WebGL target not found
Refreshing native plugins compatible for Editor in 33.25 ms, found 1 plugins.
Preloading 0 native plugins for Editor in 0.00 ms.
Mono: successfully reloaded assembly
- Completed reload, in  0.999 seconds
Platform modules already initialized, skipping
========================================================================
Worker process is ready to serve import requests
Launched and connected shader compiler UnityShaderCompiler.exe after 0.06 seconds
Refreshing native plugins compatible for Editor in 0.32 ms, found 1 plugins.
Preloading 0 native plugins for Editor in 0.00 ms.
Unloading 1811 Unused Serialized files (Serialized files now loaded: 0)
System memory in use before: 87.6 MB.
System memory in use after: 87.5 MB.

Unloading 24 unused Assets to reduce memory usage. Loaded Objects now: 2254.
Total: 2.414200 ms (FindLiveObjects: 0.262500 ms CreateObjectMapping: 0.143200 ms MarkObjects: 1.879700 ms  DeleteObjects: 0.127700 ms)

========================================================================
Received Import Request.
  path: Assets/TileMap/Platform Palette.prefab
  artifactKey: Guid(7571ad6c70b5b4040ad4c05c2311565b) Importer(815301076,1909f56bfc062723c751e8b465ee728b)
Start importing Assets/TileMap/Platform Palette.prefab using Guid(7571ad6c70b5b4040ad4c05c2311565b) Importer(815301076,1909f56bfc062723c751e8b465ee728b)  -> (artifact id: 'a96f7315f3c0214c49287a0baf9580c4') in 0.051583 seconds
  Import took 0.054216 seconds .

========================================================================
Received Import Request.
  Time since last request: 1101.334450 seconds.
  path: Assets/Sprites/Platform1.png
  artifactKey: Guid(951c2cff53ea2394d9046878b2e22aaf) Importer(815301076,1909f56bfc062723c751e8b465ee728b)
Start importing Assets/Sprites/Platform1.png using Guid(951c2cff53ea2394d9046878b2e22aaf) Importer(815301076,1909f56bfc062723c751e8b465ee728b)  -> (artifact id: 'd62d72ea8e43e59ad6b69c345c22f323') in 0.138903 seconds
  Import took 0.148352 seconds .

========================================================================
Received Import Request.
  Time since last request: 6.620886 seconds.
  path: Assets/Sprites/Platform1.png
  artifactKey: Guid(951c2cff53ea2394d9046878b2e22aaf) Importer(815301076,1909f56bfc062723c751e8b465ee728b)
Start importing Assets/Sprites/Platform1.png using Guid(951c2cff53ea2394d9046878b2e22aaf) Importer(815301076,1909f56bfc062723c751e8b465ee728b)  -> (artifact id: '7753c8038eef5b6e6741b4217252fb76') in 0.006570 seconds
  Import took 0.030141 seconds .

========================================================================
Received Import Request.
  Time since last request: 7.325275 seconds.
  path: Assets/Sprites/Platform1.png
  artifactKey: Guid(951c2cff53ea2394d9046878b2e22aaf) Importer(815301076,1909f56bfc062723c751e8b465ee728b)
Start importing Assets/Sprites/Platform1.png using Guid(951c2cff53ea2394d9046878b2e22aaf) Importer(815301076,1909f56bfc062723c751e8b465ee728b)  -> (artifact id: 'c1068e8672e3bca15bb3b8c5e0274161') in 0.006176 seconds
  Import took 0.008956 seconds .

========================================================================
Received Import Request.
  Time since last request: 4.577227 seconds.
  path: Assets/Sprites/Platform1.png
  artifactKey: Guid(951c2cff53ea2394d9046878b2e22aaf) Importer(815301076,1909f56bfc062723c751e8b465ee728b)
Start importing Assets/Sprites/Platform1.png using Guid(951c2cff53ea2394d9046878b2e22aaf) Importer(815301076,1909f56bfc062723c751e8b465ee728b)  -> (artifact id: '20ef1947bcf2aa673b00c44f286872eb') in 0.006890 seconds
  Import took 0.013824 seconds .

========================================================================
Received Import Request.
  Time since last request: 7.918887 seconds.
  path: Assets/Sprites/Platform1.png
  artifactKey: Guid(951c2cff53ea2394d9046878b2e22aaf) Importer(815301076,1909f56bfc062723c751e8b465ee728b)
Start importing Assets/Sprites/Platform1.png using Guid(951c2cff53ea2394d9046878b2e22aaf) Importer(815301076,1909f56bfc062723c751e8b465ee728b)  -> (artifact id: '97394f1916128805af0ecf037f5c0ebe') in 0.007592 seconds
  Import took 0.017707 seconds .

========================================================================
Received Import Request.
  Time since last request: 59.657526 seconds.
  path: Assets/Sprites/Door.png
  artifactKey: Guid(d2b0762c31084244da0ffd25effe6eb2) Importer(815301076,1909f56bfc062723c751e8b465ee728b)
Start importing Assets/Sprites/Door.png using Guid(d2b0762c31084244da0ffd25effe6eb2) Importer(815301076,1909f56bfc062723c751e8b465ee728b)  -> (artifact id: '349d7009ec1446ff160139df4c703e36') in 0.006377 seconds
  Import took 0.019716 seconds .

========================================================================
Received Import Request.
  Time since last request: 0.000141 seconds.
  path: Assets/Sprites/Obstacle1.png
  artifactKey: Guid(1cb6b0c7589317b4a827eca9e1671549) Importer(815301076,1909f56bfc062723c751e8b465ee728b)
Start importing Assets/Sprites/Obstacle1.png using Guid(1cb6b0c7589317b4a827eca9e1671549) Importer(815301076,1909f56bfc062723c751e8b465ee728b)  -> (artifact id: '9706f069d9f215f358a4ddec16ff06fa') in 0.007593 seconds
  Import took 0.010582 seconds .

========================================================================
Received Import Request.
  Time since last request: 0.000233 seconds.
  path: Assets/Sprites/Key.png
  artifactKey: Guid(03f8c5c7b145df34fa555b1b37a09081) Importer(815301076,1909f56bfc062723c751e8b465ee728b)
Start importing Assets/Sprites/Key.png using Guid(03f8c5c7b145df34fa555b1b37a09081) Importer(815301076,1909f56bfc062723c751e8b465ee728b)  -> (artifact id: '93a4176f1a9f1e94f2a18caec84dfaea') in 0.006200 seconds
  Import took 0.011737 seconds .

========================================================================
Received Prepare
Registering precompiled user dll's ...
Registered in 0.001651 seconds.
Begin MonoManager ReloadAssembly
Native extension for WindowsStandalone target not found
Native extension for WebGL target not found
Refreshing native plugins compatible for Editor in 0.36 ms, found 1 plugins.
Preloading 0 native plugins for Editor in 0.00 ms.
Mono: successfully reloaded assembly
- Completed reload, in  0.940 seconds
Platform modules already initialized, skipping
Refreshing native plugins compatible for Editor in 0.39 ms, found 1 plugins.
Preloading 0 native plugins for Editor in 0.00 ms.
Unloading 1806 Unused Serialized files (Serialized files now loaded: 0)
System memory in use before: 90.6 MB.
System memory in use after: 90.6 MB.

Unloading 12 unused Assets to reduce memory usage. Loaded Objects now: 2264.
Total: 1.997400 ms (FindLiveObjects: 0.223900 ms CreateObjectMapping: 0.074100 ms MarkObjects: 1.605600 ms  DeleteObjects: 0.092900 ms)

========================================================================
Received Import Request.
  Time since last request: 841.862234 seconds.
  path: Assets/TileMap/Door.asset
  artifactKey: Guid(ed421441630557949a860018be5e4612) Importer(815301076,1909f56bfc062723c751e8b465ee728b)
Start importing Assets/TileMap/Door.asset using Guid(ed421441630557949a860018be5e4612) Importer(815301076,1909f56bfc062723c751e8b465ee728b)  -> (artifact id: 'a0d9fb5381d219279484c7b14218ac75') in 0.048882 seconds
  Import took 0.052110 seconds .

========================================================================
Received Import Request.
  Time since last request: 0.000249 seconds.
  path: Assets/TileMap/Platform1.asset
  artifactKey: Guid(57d459dc7a2cc9a458c35bd35b71bb2b) Importer(815301076,1909f56bfc062723c751e8b465ee728b)
Start importing Assets/TileMap/Platform1.asset using Guid(57d459dc7a2cc9a458c35bd35b71bb2b) Importer(815301076,1909f56bfc062723c751e8b465ee728b)  -> (artifact id: '756178ba49fe1601bc877f56ded9fb89') in 0.014716 seconds
  Import took 0.017858 seconds .

========================================================================
Received Import Request.
  Time since last request: 0.000282 seconds.
  path: Assets/TileMap/Obstacle1.asset
  artifactKey: Guid(35a205a580e407e4996b7e36af6ffef7) Importer(815301076,1909f56bfc062723c751e8b465ee728b)
Start importing Assets/TileMap/Obstacle1.asset using Guid(35a205a580e407e4996b7e36af6ffef7) Importer(815301076,1909f56bfc062723c751e8b465ee728b)  -> (artifact id: '792537e8178280194d37609f0de92dd3') in 0.039555 seconds
  Import took 0.042615 seconds .

========================================================================
Received Import Request.
  Time since last request: 0.000220 seconds.
  path: Assets/TileMap/Platform Palette.prefab
  artifactKey: Guid(7571ad6c70b5b4040ad4c05c2311565b) Importer(815301076,1909f56bfc062723c751e8b465ee728b)
Start importing Assets/TileMap/Platform Palette.prefab using Guid(7571ad6c70b5b4040ad4c05c2311565b) Importer(815301076,1909f56bfc062723c751e8b465ee728b)  -> (artifact id: 'c3cd33b52d4831e61d79a7e39752b9ec') in 0.008643 seconds
  Import took 0.011579 seconds .

========================================================================
Received Import Request.
  Time since last request: 0.000201 seconds.
  path: Assets/TileMap/Key.asset
  artifactKey: Guid(dd6500a65752c394180a1f901163399b) Importer(815301076,1909f56bfc062723c751e8b465ee728b)
Start importing Assets/TileMap/Key.asset using Guid(dd6500a65752c394180a1f901163399b) Importer(815301076,1909f56bfc062723c751e8b465ee728b)  -> (artifact id: '600f4d296462b97ecace02a05af18b1f') in 0.005663 seconds
  Import took 0.008414 seconds .

========================================================================
Received Import Request.
  Time since last request: 172.397823 seconds.
  path: Assets/Sprites/Obstacle1.png
  artifactKey: Guid(1cb6b0c7589317b4a827eca9e1671549) Importer(815301076,1909f56bfc062723c751e8b465ee728b)
Start importing Assets/Sprites/Obstacle1.png using Guid(1cb6b0c7589317b4a827eca9e1671549) Importer(815301076,1909f56bfc062723c751e8b465ee728b)  -> (artifact id: '590ffaa439b6c724c7c4ea93c31438e1') in 0.020335 seconds
  Import took 0.024012 seconds .

========================================================================
Received Prepare
Registering precompiled user dll's ...
Registered in 0.001044 seconds.
Begin MonoManager ReloadAssembly
Native extension for WindowsStandalone target not found
Native extension for WebGL target not found
Refreshing native plugins compatible for Editor in 0.41 ms, found 1 plugins.
Preloading 0 native plugins for Editor in 0.00 ms.
Mono: successfully reloaded assembly
- Completed reload, in  1.016 seconds
Platform modules already initialized, skipping
Refreshing native plugins compatible for Editor in 0.31 ms, found 1 plugins.
Preloading 0 native plugins for Editor in 0.00 ms.
Unloading 1806 Unused Serialized files (Serialized files now loaded: 0)
System memory in use before: 90.7 MB.
System memory in use after: 90.7 MB.

Unloading 12 unused Assets to reduce memory usage. Loaded Objects now: 2271.
Total: 2.340500 ms (FindLiveObjects: 0.429100 ms CreateObjectMapping: 0.087300 ms MarkObjects: 1.711700 ms  DeleteObjects: 0.111000 ms)

========================================================================
Received Import Request.
  Time since last request: 53.293178 seconds.
  path: Assets/Prefabs/Obstacle1.prefab
  artifactKey: Guid(00afd8029db8b3b41843846750d292d4) Importer(815301076,1909f56bfc062723c751e8b465ee728b)
Start importing Assets/Prefabs/Obstacle1.prefab using Guid(00afd8029db8b3b41843846750d292d4) Importer(815301076,1909f56bfc062723c751e8b465ee728b)  -> (artifact id: 'b72d5546da18bc707ad5e5a7827ef54c') in 0.054633 seconds
  Import took 0.057548 seconds .

========================================================================
Received Import Request.
  Time since last request: 6.863176 seconds.
  path: Assets/Prefabs/Goal.prefab
  artifactKey: Guid(d2da3f87aaf71a24486c36606a9e8ee8) Importer(815301076,1909f56bfc062723c751e8b465ee728b)
Start importing Assets/Prefabs/Goal.prefab using Guid(d2da3f87aaf71a24486c36606a9e8ee8) Importer(815301076,1909f56bfc062723c751e8b465ee728b)  -> (artifact id: '7e95d49f8c4cf8848091ed34d5dd0a24') in 0.010752 seconds
  Import took 0.038213 seconds .

========================================================================
Received Import Request.
  Time since last request: 0.000190 seconds.
  path: Assets/Prefabs/Key.prefab
  artifactKey: Guid(7015fa62c3121cd4ab571912ff32fc72) Importer(815301076,1909f56bfc062723c751e8b465ee728b)
Start importing Assets/Prefabs/Key.prefab using Guid(7015fa62c3121cd4ab571912ff32fc72) Importer(815301076,1909f56bfc062723c751e8b465ee728b)  -> (artifact id: '1fde661ab811f5fb2186bd57e5ce7831') in 0.009574 seconds
  Import took 0.012307 seconds .

========================================================================
Received Import Request.
  Time since last request: 0.351435 seconds.
  path: Assets/Prefabs/Goal.prefab
  artifactKey: Guid(d2da3f87aaf71a24486c36606a9e8ee8) Importer(815301076,1909f56bfc062723c751e8b465ee728b)
Start importing Assets/Prefabs/Goal.prefab using Guid(d2da3f87aaf71a24486c36606a9e8ee8) Importer(815301076,1909f56bfc062723c751e8b465ee728b)  -> (artifact id: '569487849118347d05072e496ee59150') in 0.010705 seconds
  Import took 0.015017 seconds .

========================================================================
Received Import Request.
  Time since last request: 0.000242 seconds.
  path: Assets/Prefabs/Key.prefab
  artifactKey: Guid(7015fa62c3121cd4ab571912ff32fc72) Importer(815301076,1909f56bfc062723c751e8b465ee728b)
Start importing Assets/Prefabs/Key.prefab using Guid(7015fa62c3121cd4ab571912ff32fc72) Importer(815301076,1909f56bfc062723c751e8b465ee728b)  -> (artifact id: '57ce4582d11d7ec0dcd160c4b33826be') in 0.009553 seconds
  Import took 0.013371 seconds .

========================================================================
Received Import Request.
  Time since last request: 55.734788 seconds.
  path: Assets/Prefabs/Key.prefab
  artifactKey: Guid(7015fa62c3121cd4ab571912ff32fc72) Importer(815301076,1909f56bfc062723c751e8b465ee728b)
Start importing Assets/Prefabs/Key.prefab using Guid(7015fa62c3121cd4ab571912ff32fc72) Importer(815301076,1909f56bfc062723c751e8b465ee728b)  -> (artifact id: '2ad1b28b14965079a9e143083492e63e') in 0.010702 seconds
  Import took 0.014093 seconds .

========================================================================
Received Import Request.
  Time since last request: 3.541928 seconds.
  path: Assets/Prefabs/Goal.prefab
  artifactKey: Guid(d2da3f87aaf71a24486c36606a9e8ee8) Importer(815301076,1909f56bfc062723c751e8b465ee728b)
Start importing Assets/Prefabs/Goal.prefab using Guid(d2da3f87aaf71a24486c36606a9e8ee8) Importer(815301076,1909f56bfc062723c751e8b465ee728b)  -> (artifact id: '285eb793c00642bd741d3bc0a43680cc') in 0.008560 seconds
  Import took 0.040186 seconds .

========================================================================
Received Import Request.
  Time since last request: 0.563327 seconds.
  path: Assets/Prefabs/Goal.prefab
  artifactKey: Guid(d2da3f87aaf71a24486c36606a9e8ee8) Importer(815301076,1909f56bfc062723c751e8b465ee728b)
Start importing Assets/Prefabs/Goal.prefab using Guid(d2da3f87aaf71a24486c36606a9e8ee8) Importer(815301076,1909f56bfc062723c751e8b465ee728b)  -> (artifact id: 'ceef6cfa1e1e0e30c544b2bb389b22d8') in 0.007968 seconds
  Import took 0.011110 seconds .

========================================================================
Received Import Request.
  Time since last request: 10.024120 seconds.
  path: Assets/Prefabs/Goal.prefab
  artifactKey: Guid(d2da3f87aaf71a24486c36606a9e8ee8) Importer(815301076,1909f56bfc062723c751e8b465ee728b)
Start importing Assets/Prefabs/Goal.prefab using Guid(d2da3f87aaf71a24486c36606a9e8ee8) Importer(815301076,1909f56bfc062723c751e8b465ee728b)  -> (artifact id: 'c4a7971019b31f0ddecfe5b12b796972') in 0.033966 seconds
  Import took 0.037201 seconds .

========================================================================
Received Import Request.
  Time since last request: 0.147456 seconds.
  path: Assets/Prefabs/Goal.prefab
  artifactKey: Guid(d2da3f87aaf71a24486c36606a9e8ee8) Importer(815301076,1909f56bfc062723c751e8b465ee728b)
Start importing Assets/Prefabs/Goal.prefab using Guid(d2da3f87aaf71a24486c36606a9e8ee8) Importer(815301076,1909f56bfc062723c751e8b465ee728b)  -> (artifact id: 'af2246402cddaa42f5ec63787d8b9ffc') in 0.008759 seconds
  Import took 0.011641 seconds .

========================================================================
Received Import Request.
  Time since last request: 4.628889 seconds.
  path: Assets/Prefabs/Goal.prefab
  artifactKey: Guid(d2da3f87aaf71a24486c36606a9e8ee8) Importer(815301076,1909f56bfc062723c751e8b465ee728b)
Start importing Assets/Prefabs/Goal.prefab using Guid(d2da3f87aaf71a24486c36606a9e8ee8) Importer(815301076,1909f56bfc062723c751e8b465ee728b)  -> (artifact id: 'ed33fef59c04a00110d7f8fb7b8a9a5a') in 0.036093 seconds
  Import took 0.039842 seconds .

========================================================================
Received Import Request.
  Time since last request: 1.370753 seconds.
  path: Assets/Prefabs/Goal.prefab
  artifactKey: Guid(d2da3f87aaf71a24486c36606a9e8ee8) Importer(815301076,1909f56bfc062723c751e8b465ee728b)
Start importing Assets/Prefabs/Goal.prefab using Guid(d2da3f87aaf71a24486c36606a9e8ee8) Importer(815301076,1909f56bfc062723c751e8b465ee728b)  -> (artifact id: 'da0a6dcd4bc7fdb0947b5312538a7fd9') in 0.014744 seconds
  Import took 0.019088 seconds .

========================================================================
Received Import Request.
  Time since last request: 17.363875 seconds.
  path: Assets/Prefabs/Goal.prefab
  artifactKey: Guid(d2da3f87aaf71a24486c36606a9e8ee8) Importer(815301076,1909f56bfc062723c751e8b465ee728b)
Start importing Assets/Prefabs/Goal.prefab using Guid(d2da3f87aaf71a24486c36606a9e8ee8) Importer(815301076,1909f56bfc062723c751e8b465ee728b)  -> (artifact id: '59fed3ca137c1b38829cbb20136b7b32') in 0.010367 seconds
  Import took 0.015357 seconds .

========================================================================
Received Import Request.
  Time since last request: 0.996174 seconds.
  path: Assets/Prefabs/Goal.prefab
  artifactKey: Guid(d2da3f87aaf71a24486c36606a9e8ee8) Importer(815301076,1909f56bfc062723c751e8b465ee728b)
Start importing Assets/Prefabs/Goal.prefab using Guid(d2da3f87aaf71a24486c36606a9e8ee8) Importer(815301076,1909f56bfc062723c751e8b465ee728b)  -> (artifact id: '9ae852a4caac39b72d08c39523a2a9de') in 0.007703 seconds
  Import took 0.010803 seconds .

========================================================================
Received Import Request.
  Time since last request: 29.700488 seconds.
  path: Assets/Prefabs/Goal.prefab
  artifactKey: Guid(d2da3f87aaf71a24486c36606a9e8ee8) Importer(815301076,1909f56bfc062723c751e8b465ee728b)
Start importing Assets/Prefabs/Goal.prefab using Guid(d2da3f87aaf71a24486c36606a9e8ee8) Importer(815301076,1909f56bfc062723c751e8b465ee728b)  -> (artifact id: 'f9f9c12d8eb724f115b69cc24d4d36ad') in 0.035670 seconds
  Import took 0.039540 seconds .

========================================================================
Received Import Request.
  Time since last request: 3.777748 seconds.
  path: Assets/Prefabs/Goal.prefab
  artifactKey: Guid(d2da3f87aaf71a24486c36606a9e8ee8) Importer(815301076,1909f56bfc062723c751e8b465ee728b)
Start importing Assets/Prefabs/Goal.prefab using Guid(d2da3f87aaf71a24486c36606a9e8ee8) Importer(815301076,1909f56bfc062723c751e8b465ee728b)  -> (artifact id: '30e624e0b3bfea9f8496aaf732a244ce') in 0.010244 seconds
  Import took 0.013418 seconds .

========================================================================
Received Import Request.
  Time since last request: 5.845959 seconds.
  path: Assets/Prefabs/Goal.prefab
  artifactKey: Guid(d2da3f87aaf71a24486c36606a9e8ee8) Importer(815301076,1909f56bfc062723c751e8b465ee728b)
Start importing Assets/Prefabs/Goal.prefab using Guid(d2da3f87aaf71a24486c36606a9e8ee8) Importer(815301076,1909f56bfc062723c751e8b465ee728b)  -> (artifact id: 'f4cb1fc1f69ea8fdd311272dd6a5395e') in 0.007534 seconds
  Import took 0.010592 seconds .

========================================================================
Received Import Request.
  Time since last request: 25.556906 seconds.
  path: Assets/Prefabs/Key.prefab
  artifactKey: Guid(7015fa62c3121cd4ab571912ff32fc72) Importer(815301076,1909f56bfc062723c751e8b465ee728b)
Start importing Assets/Prefabs/Key.prefab using Guid(7015fa62c3121cd4ab571912ff32fc72) Importer(815301076,1909f56bfc062723c751e8b465ee728b)  -> (artifact id: '9b56b400264564d9f760e5860f9087ca') in 0.038046 seconds
  Import took 0.041656 seconds .

========================================================================
Received Prepare
Registering precompiled user dll's ...
Registered in 0.000924 seconds.
Begin MonoManager ReloadAssembly
Native extension for WindowsStandalone target not found
Native extension for WebGL target not found
Refreshing native plugins compatible for Editor in 0.32 ms, found 1 plugins.
Preloading 0 native plugins for Editor in 0.00 ms.
Mono: successfully reloaded assembly
- Completed reload, in  0.922 seconds
Platform modules already initialized, skipping
Refreshing native plugins compatible for Editor in 0.32 ms, found 1 plugins.
Preloading 0 native plugins for Editor in 0.00 ms.
Unloading 1806 Unused Serialized files (Serialized files now loaded: 0)
System memory in use before: 90.7 MB.
System memory in use after: 90.7 MB.

Unloading 12 unused Assets to reduce memory usage. Loaded Objects now: 2280.
Total: 2.009300 ms (FindLiveObjects: 0.225800 ms CreateObjectMapping: 0.062400 ms MarkObjects: 1.608200 ms  DeleteObjects: 0.111800 ms)

AssetImportWorkerClient::OnTransportError - code=2 error=End of file
